TN:
SF:/var/www/bioskop/apps/src/polyfills.ts
FNF:0
FNH:0
LF:0
LH:0
BRF:0
BRH:0
end_of_record
TN:
SF:/var/www/bioskop/apps/src/test.ts
FNF:0
FNH:0
DA:13,1
DA:18,1
DA:20,1
LF:3
LH:3
BRF:0
BRH:0
end_of_record
TN:
SF:/var/www/bioskop/apps/src/app/app.component.ts
FN:24,(anonymous_0)
FN:46,(anonymous_1)
FN:47,(anonymous_2)
FN:51,(anonymous_3)
FN:52,(anonymous_4)
FN:56,(anonymous_5)
FN:61,(anonymous_6)
FN:70,(anonymous_7)
FN:77,(anonymous_8)
FN:81,(anonymous_9)
FN:82,(anonymous_10)
FN:88,(anonymous_11)
FN:91,(anonymous_12)
FNF:13
FNH:1
FNDA:1,(anonymous_0)
FNDA:0,(anonymous_1)
FNDA:0,(anonymous_2)
FNDA:0,(anonymous_3)
FNDA:0,(anonymous_4)
FNDA:0,(anonymous_5)
FNDA:0,(anonymous_6)
FNDA:0,(anonymous_7)
FNDA:0,(anonymous_8)
FNDA:0,(anonymous_9)
FNDA:0,(anonymous_10)
FNDA:0,(anonymous_11)
FNDA:0,(anonymous_12)
DA:15,1
DA:22,1
DA:25,1
DA:26,1
DA:27,1
DA:29,1
DA:30,1
DA:31,1
DA:33,1
DA:44,1
DA:46,0
DA:47,0
DA:52,0
DA:53,0
DA:56,0
DA:57,0
DA:62,0
DA:64,0
DA:65,0
DA:66,0
DA:67,0
DA:71,0
DA:72,0
DA:73,0
DA:74,0
DA:78,0
DA:82,0
DA:83,0
DA:84,0
DA:89,0
DA:91,0
LF:31
LH:10
BRDA:46,0,0,0
BRDA:46,0,1,0
BRDA:47,1,0,0
BRDA:47,1,1,0
BRDA:78,2,0,0
BRDA:78,2,1,0
BRF:6
BRH:0
end_of_record
TN:
SF:/var/www/bioskop/apps/src/app/app.service.ts
FN:8,(anonymous_0)
FN:14,(anonymous_1)
FN:18,(anonymous_2)
FN:22,(anonymous_3)
FN:26,(anonymous_4)
FN:30,(anonymous_5)
FN:34,(anonymous_6)
FN:38,(anonymous_7)
FN:42,(anonymous_8)
FN:46,(anonymous_9)
FN:50,(anonymous_10)
FNF:11
FNH:1
FNDA:2,(anonymous_0)
FNDA:0,(anonymous_1)
FNDA:0,(anonymous_2)
FNDA:0,(anonymous_3)
FNDA:0,(anonymous_4)
FNDA:0,(anonymous_5)
FNDA:0,(anonymous_6)
FNDA:0,(anonymous_7)
FNDA:0,(anonymous_8)
FNDA:0,(anonymous_9)
FNDA:0,(anonymous_10)
DA:7,1
DA:9,2
DA:15,0
DA:19,0
DA:23,0
DA:27,0
DA:31,0
DA:35,0
DA:39,0
DA:43,0
DA:47,0
DA:51,0
LF:12
LH:2
BRF:0
BRH:0
end_of_record
